<?xml version="1.0" encoding="UTF-8"?>
<!-- Generated by org.testng.reporters.JUnitXMLReporter -->
<testsuite ignored="2" hostname="WIN-UHUGTU479GR" failures="0" tests="2" name="Test" time="17.787" errors="0" timestamp="2022-08-13T13:21:55 MSK">
  <testcase classname="testcases.LoginTest" name="loginTest" time="7.903"/>
  <testcase classname="testcases.applyLeavetest" name="clickadminTest" time="9.779"/>
  <testcase classname="base.TestBase" name="@AfterSuite tearDown" time="0.0">
    <ignored/>
  </testcase> <!-- @AfterSuite tearDown -->
  <testcase classname="base.TestBase" name="@BeforeSuite setUp" time="0.0">
    <ignored/>
  </testcase> <!-- @BeforeSuite setUp -->
</testsuite> <!-- Test -->
