<?xml version="1.0" encoding="UTF-8"?>
<testng-results ignored="2" total="4" passed="2" failed="0" skipped="0">
  <reporter-output>
  </reporter-output>
  <suite started-at="2022-08-13T13:21:37 MSK" name="Suite" finished-at="2022-08-13T13:21:55 MSK" duration-ms="17787">
    <groups>
    </groups>
    <test started-at="2022-08-13T13:21:37 MSK" name="Test" finished-at="2022-08-13T13:21:55 MSK" duration-ms="17787">
      <class name="testcases.applyLeavetest">
        <test-method signature="clickadminTest()[pri:2, instance:testcases.applyLeavetest@10d307f1]" started-at="2022-08-13T13:21:45 MSK" name="clickadminTest" finished-at="2022-08-13T13:21:55 MSK" duration-ms="9779" status="PASS">
          <reporter-output>
          </reporter-output>
        </test-method> <!-- clickadminTest -->
        <test-method is-config="true" signature="afterMethod()[pri:0, instance:testcases.applyLeavetest@10d307f1]" started-at="2022-08-13T13:21:55 MSK" name="afterMethod" finished-at="2022-08-13T13:21:55 MSK" duration-ms="3" status="PASS">
          <reporter-output>
          </reporter-output>
        </test-method> <!-- afterMethod -->
      </class> <!-- testcases.applyLeavetest -->
      <class name="testcases.LoginTest">
        <test-method is-config="true" signature="setUp()[pri:0, instance:testcases.LoginTest@7a419da4]" started-at="2022-08-13T13:21:29 MSK" name="setUp" finished-at="2022-08-13T13:21:37 MSK" duration-ms="8184" status="PASS">
          <reporter-output>
          </reporter-output>
        </test-method> <!-- setUp -->
        <test-method signature="loginTest()[pri:1, instance:testcases.LoginTest@7a419da4]" started-at="2022-08-13T13:21:37 MSK" name="loginTest" finished-at="2022-08-13T13:21:45 MSK" duration-ms="7903" status="PASS">
          <reporter-output>
          </reporter-output>
        </test-method> <!-- loginTest -->
        <test-method is-config="true" signature="afterMethod()[pri:0, instance:testcases.LoginTest@7a419da4]" started-at="2022-08-13T13:21:45 MSK" name="afterMethod" finished-at="2022-08-13T13:21:45 MSK" duration-ms="4" status="PASS">
          <reporter-output>
          </reporter-output>
        </test-method> <!-- afterMethod -->
        <test-method is-config="true" signature="tearDown()[pri:0, instance:testcases.LoginTest@7a419da4]" started-at="2022-08-13T13:21:55 MSK" name="tearDown" finished-at="2022-08-13T13:21:56 MSK" duration-ms="833" status="PASS">
          <reporter-output>
          </reporter-output>
        </test-method> <!-- tearDown -->
      </class> <!-- testcases.LoginTest -->
    </test> <!-- Test -->
  </suite> <!-- Suite -->
</testng-results>
